{
  "stats": {
    "suites": 1,
    "tests": 1,
    "passes": 0,
    "pending": 0,
    "failures": 1,
    "start": "2025-08-31T23:07:03.341Z",
    "end": "2025-08-31T23:07:04.155Z",
    "duration": 814,
    "testsRegistered": 3,
    "passPercent": 0,
    "pendingPercent": 0,
    "other": 0,
    "hasOther": false,
    "skipped": 2,
    "hasSkipped": true
  },
  "results": [
    {
      "uuid": "8faf7ebe-fb58-434a-b7e1-d8da2ae08930",
      "title": "",
      "fullFile": "cypress/e2e/signup.cy.js",
      "file": "cypress/e2e/signup.cy.js",
      "beforeHooks": [],
      "afterHooks": [],
      "tests": [],
      "suites": [
        {
          "uuid": "7ed9ef2c-b082-4b40-9e67-5c26345f5dd6",
          "title": "Sign Up Page Tests",
          "fullFile": "",
          "file": "",
          "beforeHooks": [],
          "afterHooks": [],
          "tests": [
            {
              "title": "HAPPY PATH: Successful sign up",
              "fullTitle": "Sign Up Page Tests HAPPY PATH: Successful sign up",
              "timedOut": null,
              "duration": 619,
              "state": "failed",
              "speed": null,
              "pass": false,
              "fail": true,
              "pending": false,
              "context": null,
              "code": "_SignUpPage.default.fillSignUpForm(_testData.default.validUser);\n_SignUpPage.default.acceptTerms();\n_SignUpPage.default.submitForm();\ncy.get(_SignUpPage.default.elements.successProducts).should(\"contain.text\", \"Products\");\ncy.get(_SignUpPage.default.elements.successCourses).should(\"contain.text\", \"All Courses\");",
              "err": {
                "message": "CypressError: `cy.visit()` failed trying to load:\n\nhttps://courses.ultimateqa.com/users/sign_up\n\nThe response we received from your web server was:\n\n  > 403: Forbidden\n\nThis was considered a failure because the status code was not `2xx`.\n\nIf you do not want status codes to cause failures pass the option: `failOnStatusCode: false`\n\nBecause this error occurred during a `before each` hook we are skipping the remaining tests in the current suite: `Sign Up Page Tests`",
                "estack": "CypressError: `cy.visit()` failed trying to load:\n\nhttps://courses.ultimateqa.com/users/sign_up\n\nThe response we received from your web server was:\n\n  > 403: Forbidden\n\nThis was considered a failure because the status code was not `2xx`.\n\nIf you do not want status codes to cause failures pass the option: `failOnStatusCode: false`\n\nBecause this error occurred during a `before each` hook we are skipping the remaining tests in the current suite: `Sign Up Page Tests`\n    at <unknown> (https://courses.ultimateqa.com/__cypress/runner/cypress_runner.js:135067:76)\n    at visitFailedByErr (https://courses.ultimateqa.com/__cypress/runner/cypress_runner.js:134637:12)\n    at <unknown> (https://courses.ultimateqa.com/__cypress/runner/cypress_runner.js:135050:13)\n    at tryCatcher (https://courses.ultimateqa.com/__cypress/runner/cypress_runner.js:1777:23)\n    at Promise._settlePromiseFromHandler (https://courses.ultimateqa.com/__cypress/runner/cypress_runner.js:1489:31)\n    at Promise._settlePromise (https://courses.ultimateqa.com/__cypress/runner/cypress_runner.js:1546:18)\n    at Promise._settlePromise0 (https://courses.ultimateqa.com/__cypress/runner/cypress_runner.js:1591:10)\n    at Promise._settlePromises (https://courses.ultimateqa.com/__cypress/runner/cypress_runner.js:1667:18)\n    at _drainQueueStep (https://courses.ultimateqa.com/__cypress/runner/cypress_runner.js:2377:12)\n    at _drainQueue (https://courses.ultimateqa.com/__cypress/runner/cypress_runner.js:2370:9)\n    at Async._drainQueues (https://courses.ultimateqa.com/__cypress/runner/cypress_runner.js:2386:5)\n    at Async.drainQueues (https://courses.ultimateqa.com/__cypress/runner/cypress_runner.js:2256:14)\nFrom Your Spec Code:\n    at Context.eval (webpack://signup-cypress-test/./cypress/e2e/signup.cy.js:6:7)",
                "diff": null
              },
              "uuid": "890ab6de-e232-400b-9d9e-4b9e8d4a4353",
              "parentUUID": "7ed9ef2c-b082-4b40-9e67-5c26345f5dd6",
              "isHook": false,
              "skipped": false
            },
            {
              "title": "ERROR PATH: Blank Password",
              "fullTitle": "Sign Up Page Tests ERROR PATH: Blank Password",
              "timedOut": null,
              "duration": 0,
              "state": "skipped",
              "speed": null,
              "pass": false,
              "fail": false,
              "pending": false,
              "context": null,
              "code": "_SignUpPage.default.fillSignUpForm(_testData.default.invalidUser);\n_SignUpPage.default.acceptTerms();\n_SignUpPage.default.submitForm();\ncy.get(_SignUpPage.default.elements.errorMessage).should(\"contain.text\", \"Password can't be blank\");",
              "err": {},
              "uuid": "7b67d50e-ce40-4f56-a831-51d962220ec3",
              "parentUUID": "7ed9ef2c-b082-4b40-9e67-5c26345f5dd6",
              "isHook": false,
              "skipped": true
            },
            {
              "title": "ERROR PATH: Terms not accepted",
              "fullTitle": "Sign Up Page Tests ERROR PATH: Terms not accepted",
              "timedOut": null,
              "duration": 0,
              "state": "skipped",
              "speed": null,
              "pass": false,
              "fail": false,
              "pending": false,
              "context": null,
              "code": "_SignUpPage.default.fillSignUpForm(_testData.default.validUser);\n_SignUpPage.default.submitForm();\ncy.get(_SignUpPage.default.elements.errorMessage).should(\"contain.text\", \"Terms must be accepted\");",
              "err": {},
              "uuid": "405f5f60-72c6-4092-b166-c85db5aa64f5",
              "parentUUID": "7ed9ef2c-b082-4b40-9e67-5c26345f5dd6",
              "isHook": false,
              "skipped": true
            }
          ],
          "suites": [],
          "passes": [],
          "failures": [
            "890ab6de-e232-400b-9d9e-4b9e8d4a4353"
          ],
          "pending": [],
          "skipped": [
            "7b67d50e-ce40-4f56-a831-51d962220ec3",
            "405f5f60-72c6-4092-b166-c85db5aa64f5"
          ],
          "duration": 619,
          "root": false,
          "rootEmpty": false,
          "_timeout": 2000
        }
      ],
      "passes": [],
      "failures": [],
      "pending": [],
      "skipped": [],
      "duration": 0,
      "root": true,
      "rootEmpty": true,
      "_timeout": 2000
    }
  ],
  "meta": {
    "mocha": {
      "version": "7.2.0"
    },
    "mochawesome": {
      "options": {
        "quiet": false,
        "reportFilename": "mochawesome",
        "saveHtml": true,
        "saveJson": true,
        "consoleReporter": "spec",
        "useInlineDiffs": false,
        "code": true
      },
      "version": "7.1.3"
    },
    "marge": {
      "options": {
        "reportDir": "cypress/reports/mochawesome",
        "overwrite": false,
        "html": true,
        "json": true
      },
      "version": "6.2.0"
    }
  }
}