{
  "stats": {
    "suites": 1,
    "tests": 1,
    "passes": 0,
    "pending": 0,
    "failures": 1,
    "start": "2025-08-31T23:08:58.635Z",
    "end": "2025-08-31T23:08:59.435Z",
    "duration": 800,
    "testsRegistered": 3,
    "passPercent": 0,
    "pendingPercent": 0,
    "other": 0,
    "hasOther": false,
    "skipped": 2,
    "hasSkipped": true
  },
  "results": [
    {
      "uuid": "6c97b03f-8210-4d65-b140-baa3b3d001c7",
      "title": "",
      "fullFile": "cypress/e2e/signup.cy.js",
      "file": "cypress/e2e/signup.cy.js",
      "beforeHooks": [],
      "afterHooks": [],
      "tests": [],
      "suites": [
        {
          "uuid": "7497d67a-c1c6-4b84-a686-c324f7de05f7",
          "title": "Sign Up Page Tests",
          "fullFile": "",
          "file": "",
          "beforeHooks": [],
          "afterHooks": [],
          "tests": [
            {
              "title": "HAPPY PATH: Successful sign up",
              "fullTitle": "Sign Up Page Tests HAPPY PATH: Successful sign up",
              "timedOut": null,
              "duration": 617,
              "state": "failed",
              "speed": null,
              "pass": false,
              "fail": true,
              "pending": false,
              "context": null,
              "code": "_SignUpPage.default.fillSignUpForm(_testData.default.validUser);\n_SignUpPage.default.acceptTerms();\n_SignUpPage.default.submitForm();\ncy.get(_SignUpPage.default.elements.successProducts).should(\"contain.text\", \"Products\");\ncy.get(_SignUpPage.default.elements.successCourses).should(\"contain.text\", \"All Courses\");",
              "err": {
                "message": "CypressError: `cy.visit()` failed trying to load:\n\nhttps://courses.ultimateqa.com/users/sign_up\n\nThe response we received from your web server was:\n\n  > 403: Forbidden\n\nThis was considered a failure because the status code was not `2xx`.\n\nIf you do not want status codes to cause failures pass the option: `failOnStatusCode: false`\n\nBecause this error occurred during a `before each` hook we are skipping the remaining tests in the current suite: `Sign Up Page Tests`",
                "estack": "CypressError: `cy.visit()` failed trying to load:\n\nhttps://courses.ultimateqa.com/users/sign_up\n\nThe response we received from your web server was:\n\n  > 403: Forbidden\n\nThis was considered a failure because the status code was not `2xx`.\n\nIf you do not want status codes to cause failures pass the option: `failOnStatusCode: false`\n\nBecause this error occurred during a `before each` hook we are skipping the remaining tests in the current suite: `Sign Up Page Tests`\n    at <unknown> (http://localhost:42759/__cypress/runner/cypress_runner.js:135067:76)\n    at visitFailedByErr (http://localhost:42759/__cypress/runner/cypress_runner.js:134637:12)\n    at <unknown> (http://localhost:42759/__cypress/runner/cypress_runner.js:135050:13)\n    at tryCatcher (http://localhost:42759/__cypress/runner/cypress_runner.js:1777:23)\n    at Promise._settlePromiseFromHandler (http://localhost:42759/__cypress/runner/cypress_runner.js:1489:31)\n    at Promise._settlePromise (http://localhost:42759/__cypress/runner/cypress_runner.js:1546:18)\n    at Promise._settlePromise0 (http://localhost:42759/__cypress/runner/cypress_runner.js:1591:10)\n    at Promise._settlePromises (http://localhost:42759/__cypress/runner/cypress_runner.js:1667:18)\n    at _drainQueueStep (http://localhost:42759/__cypress/runner/cypress_runner.js:2377:12)\n    at _drainQueue (http://localhost:42759/__cypress/runner/cypress_runner.js:2370:9)\n    at Async._drainQueues (http://localhost:42759/__cypress/runner/cypress_runner.js:2386:5)\n    at Async.drainQueues (http://localhost:42759/__cypress/runner/cypress_runner.js:2256:14)\nFrom Your Spec Code:\n    at Context.eval (webpack://signup-cypress-test/./cypress/e2e/signup.cy.js:6:7)",
                "diff": null
              },
              "uuid": "f4c8db0d-3fee-4141-a05c-9aae3fc9e71d",
              "parentUUID": "7497d67a-c1c6-4b84-a686-c324f7de05f7",
              "isHook": false,
              "skipped": false
            },
            {
              "title": "ERROR PATH: Blank Password",
              "fullTitle": "Sign Up Page Tests ERROR PATH: Blank Password",
              "timedOut": null,
              "duration": 0,
              "state": "skipped",
              "speed": null,
              "pass": false,
              "fail": false,
              "pending": false,
              "context": null,
              "code": "_SignUpPage.default.fillSignUpForm(_testData.default.invalidUser);\n_SignUpPage.default.acceptTerms();\n_SignUpPage.default.submitForm();\ncy.get(_SignUpPage.default.elements.errorMessage).should(\"contain.text\", \"Password can't be blank\");",
              "err": {},
              "uuid": "31cdc5b4-cdb6-4fc1-8d70-dd0fb05ff50e",
              "parentUUID": "7497d67a-c1c6-4b84-a686-c324f7de05f7",
              "isHook": false,
              "skipped": true
            },
            {
              "title": "ERROR PATH: Terms not accepted",
              "fullTitle": "Sign Up Page Tests ERROR PATH: Terms not accepted",
              "timedOut": null,
              "duration": 0,
              "state": "skipped",
              "speed": null,
              "pass": false,
              "fail": false,
              "pending": false,
              "context": null,
              "code": "_SignUpPage.default.fillSignUpForm(_testData.default.validUser);\n_SignUpPage.default.submitForm();\ncy.get(_SignUpPage.default.elements.errorMessage).should(\"contain.text\", \"Terms must be accepted\");",
              "err": {},
              "uuid": "82985e5a-ac3d-4788-8c87-387dce657382",
              "parentUUID": "7497d67a-c1c6-4b84-a686-c324f7de05f7",
              "isHook": false,
              "skipped": true
            }
          ],
          "suites": [],
          "passes": [],
          "failures": [
            "f4c8db0d-3fee-4141-a05c-9aae3fc9e71d"
          ],
          "pending": [],
          "skipped": [
            "31cdc5b4-cdb6-4fc1-8d70-dd0fb05ff50e",
            "82985e5a-ac3d-4788-8c87-387dce657382"
          ],
          "duration": 617,
          "root": false,
          "rootEmpty": false,
          "_timeout": 2000
        }
      ],
      "passes": [],
      "failures": [],
      "pending": [],
      "skipped": [],
      "duration": 0,
      "root": true,
      "rootEmpty": true,
      "_timeout": 2000
    }
  ],
  "meta": {
    "mocha": {
      "version": "7.2.0"
    },
    "mochawesome": {
      "options": {
        "quiet": false,
        "reportFilename": "mochawesome",
        "saveHtml": true,
        "saveJson": true,
        "consoleReporter": "spec",
        "useInlineDiffs": false,
        "code": true
      },
      "version": "7.1.3"
    },
    "marge": {
      "options": {
        "reportDir": "cypress/reports/mochawesome",
        "overwrite": false,
        "html": true,
        "json": true
      },
      "version": "6.2.0"
    }
  }
}